#
# A fatal error has been detected by the Java Runtime Environment:
#
#  SIGSEGV (0xb) at pc=0x000000010e580a64, pid=6132, tid=28931
#
# JRE version: OpenJDK Runtime Environment (16.0.2+7) (build 16.0.2+7-67)
# Java VM: OpenJDK 64-Bit Server VM (16.0.2+7-67, mixed mode, sharing, tiered, compressed oops, compressed class ptrs, g1 gc, bsd-amd64)
# Problematic frame:
# V  [libjvm.dylib+0x85ba64]  MultiNode::proj_out(unsigned int) const+0x4
#
# No core dump will be written. Core dumps have been disabled. To enable core dumping, try "ulimit -c unlimited" before starting Java again
#
# If you would like to submit a bug report, please visit:
#   https://bugreport.java.com/bugreport/crash.jsp
#

---------------  S U M M A R Y ------------

Command Line: -javaagent:/Applications/IntelliJ IDEA.app/Contents/lib/idea_rt.jar=50859:/Applications/IntelliJ IDEA.app/Contents/bin -Dfile.encoding=UTF-8 com.company.lesson_5.hmPractice.Test

Host: MacBookAir10,1 x86_64 2400 MHz, 8 cores, 16G, Darwin 22.2.0, macOS 10.16 (22C65)
Time: Sun Jan  8 19:45:00 2023 EET elapsed time: 0.493527 seconds (0d 0h 0m 0s)

---------------  T H R E A D  ---------------

Current thread (0x00007fbdee0ed000):  JavaThread "C2 CompilerThread0" daemon [_thread_in_native, id=28931, stack(0x000000030dffc000,0x000000030e0fc000)]


Current CompileTask:
C2:    493  322       4       com.company.lesson_5.hmPractice.Test::main (727 bytes)

Stack: [0x000000030dffc000,0x000000030e0fc000],  sp=0x000000030e0f7700,  free space=1005k
Native frames: (J=compiled Java code, A=aot compiled Java code, j=interpreted, Vv=VM code, C=native code)
V  [libjvm.dylib+0x85ba64]  MultiNode::proj_out(unsigned int) const+0x4
V  [libjvm.dylib+0x744b39]  PhaseIdealLoop::insert_post_loop(IdealLoopTree*, Node_List&, CountedLoopNode*, CountedLoopEndNode*, Node*, Node*, CountedLoopNode*&)+0xb9
V  [libjvm.dylib+0x74396f]  PhaseIdealLoop::insert_pre_post_loops(IdealLoopTree*, Node_List&, bool)+0x22f
V  [libjvm.dylib+0x74b7df]  IdealLoopTree::iteration_split_impl(PhaseIdealLoop*, Node_List&)+0x33f
V  [libjvm.dylib+0x74ba75]  IdealLoopTree::iteration_split(PhaseIdealLoop*, Node_List&)+0xd5
V  [libjvm.dylib+0x74b9dc]  IdealLoopTree::iteration_split(PhaseIdealLoop*, Node_List&)+0x3c
V  [libjvm.dylib+0x74bb04]  IdealLoopTree::iteration_split(PhaseIdealLoop*, Node_List&)+0x164
V  [libjvm.dylib+0x74bb04]  IdealLoopTree::iteration_split(PhaseIdealLoop*, Node_List&)+0x164
V  [libjvm.dylib+0x74bb04]  IdealLoopTree::iteration_split(PhaseIdealLoop*, Node_List&)+0x164
V  [libjvm.dylib+0x74bb04]  IdealLoopTree::iteration_split(PhaseIdealLoop*, Node_List&)+0x164
V  [libjvm.dylib+0x74bb04]  IdealLoopTree::iteration_split(PhaseIdealLoop*, Node_List&)+0x164
V  [libjvm.dylib+0x74bb04]  IdealLoopTree::iteration_split(PhaseIdealLoop*, Node_List&)+0x164
V  [libjvm.dylib+0x74bb04]  IdealLoopTree::iteration_split(PhaseIdealLoop*, Node_List&)+0x164
V  [libjvm.dylib+0x74bb04]  IdealLoopTree::iteration_split(PhaseIdealLoop*, Node_List&)+0x164
V  [libjvm.dylib+0x74bb04]  IdealLoopTree::iteration_split(PhaseIdealLoop*, Node_List&)+0x164
V  [libjvm.dylib+0x74bb04]  IdealLoopTree::iteration_split(PhaseIdealLoop*, Node_List&)+0x164
V  [libjvm.dylib+0x74bb04]  IdealLoopTree::iteration_split(PhaseIdealLoop*, Node_List&)+0x164
V  [libjvm.dylib+0x74bb04]  IdealLoopTree::iteration_split(PhaseIdealLoop*, Node_List&)+0x164
V  [libjvm.dylib+0x7641a0]  PhaseIdealLoop::build_and_optimize(LoopOptsMode)+0xf60
V  [libjvm.dylib+0x31a38e]  PhaseIdealLoop::optimize(PhaseIterGVN&, LoopOptsMode)+0x4e
V  [libjvm.dylib+0x315baa]  Compile::Optimize()+0x16ea
V  [libjvm.dylib+0x3130ca]  Compile::Compile(ciEnv*, ciMethod*, int, bool, bool, bool, bool, DirectiveSet*)+0x101a
V  [libjvm.dylib+0x278c7e]  C2Compiler::compile_method(ciEnv*, ciMethod*, int, bool, DirectiveSet*)+0x9e
V  [libjvm.dylib+0x327335]  CompileBroker::invoke_compiler_on_method(CompileTask*)+0x655
V  [libjvm.dylib+0x326aea]  CompileBroker::compiler_thread_loop()+0x2ea
V  [libjvm.dylib+0xa05fd0]  JavaThread::thread_main_inner()+0xd0
V  [libjvm.dylib+0xa03801]  Thread::call_run()+0x71
V  [libjvm.dylib+0x891f67]  thread_native_entry(Thread*)+0x157
C  [libsystem_pthread.dylib+0x6259]  _pthread_start+0x7d
C  [libsystem_pthread.dylib+0x1c7b]  thread_start+0xf


siginfo: si_signo: 11 (SIGSEGV), si_code: 1 (SEGV_MAPERR), si_addr: 0x0000000000000020

Register to memory mapping:

RAX=0x0 is NULL
RBX=0x0000000000000005 is an unknown value
RCX=0x000000030e0f8501 is pointing into the stack for thread: 0x00007fbdee0ed000
RDX=0x00007fbddf0e5ec8 points into unknown readable memory: 0x000000010e95afa8 | a8 af 95 0e 01 00 00 00
RSP=0x000000030e0f7700 is pointing into the stack for thread: 0x00007fbdee0ed000
RBP=0x000000030e0f7700 is pointing into the stack for thread: 0x00007fbdee0ed000
RSI=0x0 is NULL
RDI=0x0 is NULL
R8 =0x00007fbddf0e5c78 points into unknown readable memory: 0x000000010e95b1a8 | a8 b1 95 0e 01 00 00 00
R9 =0x00007fbddf1095b8 points into unknown readable memory: 0x000000010e953cd8 | d8 3c 95 0e 01 00 00 00
R10=0x00007fbddf0e5aa8 points into unknown readable memory: 0x000000010e95b6f0 | f0 b6 95 0e 01 00 00 00
R11=0x000000030e0f7cb8 is pointing into the stack for thread: 0x00007fbdee0ed000
R12=0x000000030e0f8560 is pointing into the stack for thread: 0x00007fbdee0ed000
R13=0x000000030e0f8570 is pointing into the stack for thread: 0x00007fbdee0ed000
R14=0x00007fbdee867001 points into unknown readable memory: 70 89 ee bd 7f 00 00
R15=0x00007fbdee867010 points into unknown readable memory: 0x0000000000000000 | 00 00 00 00 00 00 00 00


Registers:
RAX=0x0000000000000000, RBX=0x0000000000000005, RCX=0x000000030e0f8501, RDX=0x00007fbddf0e5ec8
RSP=0x000000030e0f7700, RBP=0x000000030e0f7700, RSI=0x0000000000000000, RDI=0x0000000000000000
R8 =0x00007fbddf0e5c78, R9 =0x00007fbddf1095b8, R10=0x00007fbddf0e5aa8, R11=0x000000030e0f7cb8
R12=0x000000030e0f8560, R13=0x000000030e0f8570, R14=0x00007fbdee867001, R15=0x00007fbdee867010
RIP=0x000000010e580a64, EFLAGS=0x0000000000000246, ERR=0x0000000000000004
  TRAPNO=0x000000000000000e

Top of Stack: (sp=0x000000030e0f7700)
0x000000030e0f7700:   000000030e0f7920 000000010e469b39
0x000000030e0f7710:   0000000000000000 0000000000000000
0x000000030e0f7720:   0000000000000000 0000000000000000
0x000000030e0f7730:   0000000000000000 0000000000000000
0x000000030e0f7740:   0000000000000000 0000000000000000
0x000000030e0f7750:   0000000000000000 0000000000000000
0x000000030e0f7760:   0000000000000000 0000000000000000
0x000000030e0f7770:   0000000000000000 0000000000000000
0x000000030e0f7780:   0000000000000000 0000000000000000
0x000000030e0f7790:   0000000000000000 0000000000000000
0x000000030e0f77a0:   0000000000000000 0000000000000000
0x000000030e0f77b0:   0000000000000000 0000000000000000
0x000000030e0f77c0:   00007fbdee8614e8 000000010e4732fd
0x000000030e0f77d0:   000000030e0f77f0 000000010e47329d
0x000000030e0f77e0:   00007fbdee8636d8 00007fbdee0ed000
0x000000030e0f77f0:   000000030e0f7800 00007fbdee0ed000
0x000000030e0f7800:   000000030e0f7810 00007fbdee0ed000
0x000000030e0f7810:   000000010e95afa8 000000030e0f8560
0x000000030e0f7820:   00007fbddf0e5aa8 000000030e0f7cb8
0x000000030e0f7830:   000000030e0f7860 000000010e469a03
0x000000030e0f7840:   0000000800419468 00007fbddf0e5bc0
0x000000030e0f7850:   00000001df0e5c78 00007fbddf0e5bc0
0x000000030e0f7860:   000000030e0f7890 000000010e4698a4
0x000000030e0f7870:   000000020e0f7890 00007fbddf1095b8
0x000000030e0f7880:   00000001df0e5bc0 00007fbddf0e5c10
0x000000030e0f7890:   000000030e0f78c0 000000010e469a03
0x000000030e0f78a0:   00007fbddf108318 00007fbddf0e5bc0
0x000000030e0f78b0:   00000001df0e5c78 000000010e4732fd
0x000000030e0f78c0:   000000030e0f78e0 000000010e47329d
0x000000030e0f78d0:   00007fbddf0e5c78 00007fbdee0ed000
0x000000030e0f78e0:   00007fbdee86d280 0000000000000000
0x000000030e0f78f0:   00007fbddf1095b8 00007fbddf0e5c78 

Instructions: (pc=0x000000010e580a64)
0x000000010e580964:   57 7a ff ba 2c 00 00 00 b9 8e 00 00 00 45 31 c0
0x000000010e580974:   45 31 c9 e8 24 92 ed ff 48 c7 05 e9 07 41 00 01
0x000000010e580984:   00 00 00 48 83 c4 10 5d c3 90 90 90 55 48 89 e5
0x000000010e580994:   48 8d 05 25 ff 31 00 5d c3 0f 1f 00 55 48 89 e5
0x000000010e5809a4:   48 89 f7 5d e9 13 3a 01 00 0f 1f 00 55 48 89 e5
0x000000010e5809b4:   8b 47 20 48 85 c0 74 32 48 8b 4f 10 4c 8d 04 c1
0x000000010e5809c4:   31 c0 66 2e 0f 1f 84 00 00 00 00 00 48 8b 39 8b
0x000000010e5809d4:   57 2c 83 e2 0f 83 fa 08 75 05 39 77 34 74 0f 48
0x000000010e5809e4:   83 c1 08 4c 39 c1 72 e4 5d c3 31 c0 5d c3 48 89
0x000000010e5809f4:   f8 5d c3 66 0f 1f 84 00 00 00 00 00 55 48 89 e5
0x000000010e580a04:   8b 47 20 48 85 c0 74 40 48 8b 4f 10 4c 8d 0c c1
0x000000010e580a14:   44 0f b6 c2 31 c0 66 0f 1f 44 00 00 48 8b 11 48
0x000000010e580a24:   85 d2 74 19 8b 7a 2c 83 e7 0f 83 ff 08 75 0e 39
0x000000010e580a34:   72 34 75 09 0f b6 7a 38 44 39 c7 74 0f 48 83 c1
0x000000010e580a44:   08 4c 39 c9 72 d6 5d c3 31 c0 5d c3 48 89 d0 5d
0x000000010e580a54:   c3 66 2e 0f 1f 84 00 00 00 00 00 90 55 48 89 e5
0x000000010e580a64:   8b 47 20 48 85 c0 74 32 48 8b 4f 10 4c 8d 04 c1
0x000000010e580a74:   31 c0 66 2e 0f 1f 84 00 00 00 00 00 48 8b 39 8b
0x000000010e580a84:   57 2c 83 e2 0f 83 fa 08 75 05 39 77 34 74 0f 48
0x000000010e580a94:   83 c1 08 4c 39 c1 72 e4 5d c3 31 c0 5d c3 48 89
0x000000010e580aa4:   f8 5d c3 66 0f 1f 84 00 00 00 00 00 55 48 89 e5
0x000000010e580ab4:   48 8b 47 08 8b 4f 34 01 c9 03 08 0f b6 47 38 01
0x000000010e580ac4:   c8 5d c3 66 0f 1f 84 00 00 00 00 00 55 48 89 e5
0x000000010e580ad4:   8b 47 34 3b 46 34 75 0b 8a 46 38 3a 47 38 0f 94
0x000000010e580ae4:   c0 5d c3 31 c0 5d c3 0f 1f 44 00 00 55 48 89 e5
0x000000010e580af4:   b8 40 00 00 00 5d c3 0f 1f 44 00 00 55 48 89 e5
0x000000010e580b04:   83 7f 34 00 74 04 31 c0 5d c3 48 8b 47 08 48 8b
0x000000010e580b14:   38 48 8b 07 5d ff 60 10 0f 1f 40 00 55 48 89 e5
0x000000010e580b24:   53 50 48 89 f3 48 8d 05 20 d5 47 00 48 39 30 74
0x000000010e580b34:   79 48 8d 05 dc d4 47 00 48 39 18 74 6d 8b 47 34
0x000000010e580b44:   48 8b 4b 18 48 8b 1c c1 48 83 f8 05 75 5c 48 8b
0x000000010e580b54:   47 08 48 8b 00 8b 48 2c 83 e1 1f 83 f9 1f 75 4a 


Stack slot to memory mapping:
stack at sp + 0 slots: 0x000000030e0f7920 is pointing into the stack for thread: 0x00007fbdee0ed000
stack at sp + 1 slots: 0x000000010e469b39: _ZN14PhaseIdealLoop16insert_post_loopEP13IdealLoopTreeR9Node_ListP15CountedLoopNodeP18CountedLoopEndNodeP4NodeS9_RS5_+0xb9 in /Users/illiaprichno/Library/Java/JavaVirtualMachines/openjdk-16.0.2/Contents/Home/lib/server/libjvm.dylib at 0x000000010dd25000
stack at sp + 2 slots: 0x0 is NULL
stack at sp + 3 slots: 0x0 is NULL
stack at sp + 4 slots: 0x0 is NULL
stack at sp + 5 slots: 0x0 is NULL
stack at sp + 6 slots: 0x0 is NULL
stack at sp + 7 slots: 0x0 is NULL


---------------  P R O C E S S  ---------------

Threads class SMR info:
_java_thread_list=0x00006000035a9b40, length=12, elements={
0x00007fbdde808a00, 0x00007fbdee0eb200, 0x00007fbddf00a400, 0x00007fbddf00aa00,
0x00007fbdee80c600, 0x00007fbdee0eca00, 0x00007fbdee0ed000, 0x00007fbdee14a800,
0x00007fbde8008200, 0x00007fbdde832000, 0x00007fbdee814600, 0x00007fbdee0d8200
}

Java Threads: ( => current thread )
  0x00007fbdde808a00 JavaThread "main" [_thread_in_Java, id=9731, stack(0x000000030d2c8000,0x000000030d3c8000)]
  0x00007fbdee0eb200 JavaThread "Reference Handler" daemon [_thread_blocked, id=32603, stack(0x000000030d9dd000,0x000000030dadd000)]
  0x00007fbddf00a400 JavaThread "Finalizer" daemon [_thread_blocked, id=22275, stack(0x000000030dae0000,0x000000030dbe0000)]
  0x00007fbddf00aa00 JavaThread "Signal Dispatcher" daemon [_thread_blocked, id=23555, stack(0x000000030dcf3000,0x000000030ddf3000)]
  0x00007fbdee80c600 JavaThread "Service Thread" daemon [_thread_blocked, id=24067, stack(0x000000030ddf6000,0x000000030def6000)]
  0x00007fbdee0eca00 JavaThread "Monitor Deflation Thread" daemon [_thread_blocked, id=29187, stack(0x000000030def9000,0x000000030dff9000)]
=>0x00007fbdee0ed000 JavaThread "C2 CompilerThread0" daemon [_thread_in_native, id=28931, stack(0x000000030dffc000,0x000000030e0fc000)]
  0x00007fbdee14a800 JavaThread "C1 CompilerThread0" daemon [_thread_blocked, id=28419, stack(0x000000030e0ff000,0x000000030e1ff000)]
  0x00007fbde8008200 JavaThread "Sweeper thread" daemon [_thread_blocked, id=25091, stack(0x000000030e202000,0x000000030e302000)]
  0x00007fbdde832000 JavaThread "Common-Cleaner" daemon [_thread_blocked, id=27931, stack(0x000000030e305000,0x000000030e405000)]
  0x00007fbdee814600 JavaThread "Monitor Ctrl-Break" daemon [_thread_in_native, id=26619, stack(0x000000030e408000,0x000000030e508000)]
  0x00007fbdee0d8200 JavaThread "Notification Thread" daemon [_thread_blocked, id=27143, stack(0x000000030e50b000,0x000000030e60b000)]

Other Threads:
  0x00007fbdde014db0 VMThread "VM Thread" [stack: 0x000000030d8da000,0x000000030d9da000] [id=19203]
  0x00007fbdedf15aa0 WatcherThread [stack: 0x000000030e60e000,0x000000030e70e000] [id=33027]
  0x00007fbdddf07430 GCTaskThread "GC Thread#0" [stack: 0x000000030d3cb000,0x000000030d4cb000] [id=21507]
  0x00007fbdde004620 ConcurrentGCThread "G1 Main Marker" [stack: 0x000000030d4ce000,0x000000030d5ce000] [id=16899]
  0x00007fbdde004f00 ConcurrentGCThread "G1 Conc#0" [stack: 0x000000030d5d1000,0x000000030d6d1000] [id=20739]
  0x00007fbdde0107c0 ConcurrentGCThread "G1 Refine#0" [stack: 0x000000030d6d4000,0x000000030d7d4000] [id=19971]
  0x00007fbdde0110b0 ConcurrentGCThread "G1 Service" [stack: 0x000000030d7d7000,0x000000030d8d7000] [id=17667]

Threads with active compile tasks:
C2 CompilerThread0      522  322       4       com.company.lesson_5.hmPractice.Test::main (727 bytes)

VM state: not at safepoint (normal execution)

VM Mutex/Monitor currently owned by a thread: None

Heap address: 0x0000000700000000, size: 4096 MB, Compressed Oops mode: Zero based, Oop shift amount: 3

CDS archive(s) mapped at: [0x0000000800000000-0x0000000800bb9000-0x0000000800bb9000), size 12292096, SharedBaseAddress: 0x0000000800000000, ArchiveRelocationMode: 0.
Compressed class space mapped at: 0x0000000800c00000-0x0000000840c00000, reserved size: 1073741824
Narrow klass base: 0x0000000800000000, Narrow klass shift: 3, Narrow klass range: 0x100000000

GC Precious Log:
 CPUs: 8 total, 8 available
 Memory: 16384M
 Large Page Support: Disabled
 NUMA Support: Disabled
 Compressed Oops: Enabled (Zero based)
 Heap Region Size: 2M
 Heap Min Capacity: 8M
 Heap Initial Capacity: 256M
 Heap Max Capacity: 4G
 Pre-touch: Disabled
 Parallel Workers: 8
 Concurrent Workers: 2
 Concurrent Refinement Workers: 8
 Periodic GC: Disabled

Heap:
 garbage-first heap   total 266240K, used 4040K [0x0000000700000000, 0x0000000800000000)
  region size 2048K, 2 young (4096K), 0 survivors (0K)
 Metaspace       used 941K, committed 1088K, reserved 1056768K
  class space    used 66K, committed 128K, reserved 1048576K

Heap Regions: E=young(eden), S=young(survivor), O=old, HS=humongous(starts), HC=humongous(continues), CS=collection set, F=free, OA=open archive, CA=closed archive, TAMS=top-at-mark-start (previous, next)
|   0|0x0000000700000000, 0x0000000700000000, 0x0000000700200000|  0%| F|  |TAMS 0x0000000700000000, 0x0000000700000000| Untracked 
|   1|0x0000000700200000, 0x0000000700200000, 0x0000000700400000|  0%| F|  |TAMS 0x0000000700200000, 0x0000000700200000| Untracked 
|   2|0x0000000700400000, 0x0000000700400000, 0x0000000700600000|  0%| F|  |TAMS 0x0000000700400000, 0x0000000700400000| Untracked 
|   3|0x0000000700600000, 0x0000000700600000, 0x0000000700800000|  0%| F|  |TAMS 0x0000000700600000, 0x0000000700600000| Untracked 
|   4|0x0000000700800000, 0x0000000700800000, 0x0000000700a00000|  0%| F|  |TAMS 0x0000000700800000, 0x0000000700800000| Untracked 
|   5|0x0000000700a00000, 0x0000000700a00000, 0x0000000700c00000|  0%| F|  |TAMS 0x0000000700a00000, 0x0000000700a00000| Untracked 
|   6|0x0000000700c00000, 0x0000000700c00000, 0x0000000700e00000|  0%| F|  |TAMS 0x0000000700c00000, 0x0000000700c00000| Untracked 
|   7|0x0000000700e00000, 0x0000000700e00000, 0x0000000701000000|  0%| F|  |TAMS 0x0000000700e00000, 0x0000000700e00000| Untracked 
|   8|0x0000000701000000, 0x0000000701000000, 0x0000000701200000|  0%| F|  |TAMS 0x0000000701000000, 0x0000000701000000| Untracked 
|   9|0x0000000701200000, 0x0000000701200000, 0x0000000701400000|  0%| F|  |TAMS 0x0000000701200000, 0x0000000701200000| Untracked 
|  10|0x0000000701400000, 0x0000000701400000, 0x0000000701600000|  0%| F|  |TAMS 0x0000000701400000, 0x0000000701400000| Untracked 
|  11|0x0000000701600000, 0x0000000701600000, 0x0000000701800000|  0%| F|  |TAMS 0x0000000701600000, 0x0000000701600000| Untracked 
|  12|0x0000000701800000, 0x0000000701800000, 0x0000000701a00000|  0%| F|  |TAMS 0x0000000701800000, 0x0000000701800000| Untracked 
|  13|0x0000000701a00000, 0x0000000701a00000, 0x0000000701c00000|  0%| F|  |TAMS 0x0000000701a00000, 0x0000000701a00000| Untracked 
|  14|0x0000000701c00000, 0x0000000701c00000, 0x0000000701e00000|  0%| F|  |TAMS 0x0000000701c00000, 0x0000000701c00000| Untracked 
|  15|0x0000000701e00000, 0x0000000701e00000, 0x0000000702000000|  0%| F|  |TAMS 0x0000000701e00000, 0x0000000701e00000| Untracked 
|  16|0x0000000702000000, 0x0000000702000000, 0x0000000702200000|  0%| F|  |TAMS 0x0000000702000000, 0x0000000702000000| Untracked 
|  17|0x0000000702200000, 0x0000000702200000, 0x0000000702400000|  0%| F|  |TAMS 0x0000000702200000, 0x0000000702200000| Untracked 
|  18|0x0000000702400000, 0x0000000702400000, 0x0000000702600000|  0%| F|  |TAMS 0x0000000702400000, 0x0000000702400000| Untracked 
|  19|0x0000000702600000, 0x0000000702600000, 0x0000000702800000|  0%| F|  |TAMS 0x0000000702600000, 0x0000000702600000| Untracked 
|  20|0x0000000702800000, 0x0000000702800000, 0x0000000702a00000|  0%| F|  |TAMS 0x0000000702800000, 0x0000000702800000| Untracked 
|  21|0x0000000702a00000, 0x0000000702a00000, 0x0000000702c00000|  0%| F|  |TAMS 0x0000000702a00000, 0x0000000702a00000| Untracked 
|  22|0x0000000702c00000, 0x0000000702c00000, 0x0000000702e00000|  0%| F|  |TAMS 0x0000000702c00000, 0x0000000702c00000| Untracked 
|  23|0x0000000702e00000, 0x0000000702e00000, 0x0000000703000000|  0%| F|  |TAMS 0x0000000702e00000, 0x0000000702e00000| Untracked 
|  24|0x0000000703000000, 0x0000000703000000, 0x0000000703200000|  0%| F|  |TAMS 0x0000000703000000, 0x0000000703000000| Untracked 
|  25|0x0000000703200000, 0x0000000703200000, 0x0000000703400000|  0%| F|  |TAMS 0x0000000703200000, 0x0000000703200000| Untracked 
|  26|0x0000000703400000, 0x0000000703400000, 0x0000000703600000|  0%| F|  |TAMS 0x0000000703400000, 0x0000000703400000| Untracked 
|  27|0x0000000703600000, 0x0000000703600000, 0x0000000703800000|  0%| F|  |TAMS 0x0000000703600000, 0x0000000703600000| Untracked 
|  28|0x0000000703800000, 0x0000000703800000, 0x0000000703a00000|  0%| F|  |TAMS 0x0000000703800000, 0x0000000703800000| Untracked 
|  29|0x0000000703a00000, 0x0000000703a00000, 0x0000000703c00000|  0%| F|  |TAMS 0x0000000703a00000, 0x0000000703a00000| Untracked 
|  30|0x0000000703c00000, 0x0000000703c00000, 0x0000000703e00000|  0%| F|  |TAMS 0x0000000703c00000, 0x0000000703c00000| Untracked 
|  31|0x0000000703e00000, 0x0000000703e00000, 0x0000000704000000|  0%| F|  |TAMS 0x0000000703e00000, 0x0000000703e00000| Untracked 
|  32|0x0000000704000000, 0x0000000704000000, 0x0000000704200000|  0%| F|  |TAMS 0x0000000704000000, 0x0000000704000000| Untracked 
|  33|0x0000000704200000, 0x0000000704200000, 0x0000000704400000|  0%| F|  |TAMS 0x0000000704200000, 0x0000000704200000| Untracked 
|  34|0x0000000704400000, 0x0000000704400000, 0x0000000704600000|  0%| F|  |TAMS 0x0000000704400000, 0x0000000704400000| Untracked 
|  35|0x0000000704600000, 0x0000000704600000, 0x0000000704800000|  0%| F|  |TAMS 0x0000000704600000, 0x0000000704600000| Untracked 
|  36|0x0000000704800000, 0x0000000704800000, 0x0000000704a00000|  0%| F|  |TAMS 0x0000000704800000, 0x0000000704800000| Untracked 
|  37|0x0000000704a00000, 0x0000000704a00000, 0x0000000704c00000|  0%| F|  |TAMS 0x0000000704a00000, 0x0000000704a00000| Untracked 
|  38|0x0000000704c00000, 0x0000000704c00000, 0x0000000704e00000|  0%| F|  |TAMS 0x0000000704c00000, 0x0000000704c00000| Untracked 
|  39|0x0000000704e00000, 0x0000000704e00000, 0x0000000705000000|  0%| F|  |TAMS 0x0000000704e00000, 0x0000000704e00000| Untracked 
|  40|0x0000000705000000, 0x0000000705000000, 0x0000000705200000|  0%| F|  |TAMS 0x0000000705000000, 0x0000000705000000| Untracked 
|  41|0x0000000705200000, 0x0000000705200000, 0x0000000705400000|  0%| F|  |TAMS 0x0000000705200000, 0x0000000705200000| Untracked 
|  42|0x0000000705400000, 0x0000000705400000, 0x0000000705600000|  0%| F|  |TAMS 0x0000000705400000, 0x0000000705400000| Untracked 
|  43|0x0000000705600000, 0x0000000705600000, 0x0000000705800000|  0%| F|  |TAMS 0x0000000705600000, 0x0000000705600000| Untracked 
|  44|0x0000000705800000, 0x0000000705800000, 0x0000000705a00000|  0%| F|  |TAMS 0x0000000705800000, 0x0000000705800000| Untracked 
|  45|0x0000000705a00000, 0x0000000705a00000, 0x0000000705c00000|  0%| F|  |TAMS 0x0000000705a00000, 0x0000000705a00000| Untracked 
|  46|0x0000000705c00000, 0x0000000705c00000, 0x0000000705e00000|  0%| F|  |TAMS 0x0000000705c00000, 0x0000000705c00000| Untracked 
|  47|0x0000000705e00000, 0x0000000705e00000, 0x0000000706000000|  0%| F|  |TAMS 0x0000000705e00000, 0x0000000705e00000| Untracked 
|  48|0x0000000706000000, 0x0000000706000000, 0x0000000706200000|  0%| F|  |TAMS 0x0000000706000000, 0x0000000706000000| Untracked 
|  49|0x0000000706200000, 0x0000000706200000, 0x0000000706400000|  0%| F|  |TAMS 0x0000000706200000, 0x0000000706200000| Untracked 
|  50|0x0000000706400000, 0x0000000706400000, 0x0000000706600000|  0%| F|  |TAMS 0x0000000706400000, 0x0000000706400000| Untracked 
|  51|0x0000000706600000, 0x0000000706600000, 0x0000000706800000|  0%| F|  |TAMS 0x0000000706600000, 0x0000000706600000| Untracked 
|  52|0x0000000706800000, 0x0000000706800000, 0x0000000706a00000|  0%| F|  |TAMS 0x0000000706800000, 0x0000000706800000| Untracked 
|  53|0x0000000706a00000, 0x0000000706a00000, 0x0000000706c00000|  0%| F|  |TAMS 0x0000000706a00000, 0x0000000706a00000| Untracked 
|  54|0x0000000706c00000, 0x0000000706c00000, 0x0000000706e00000|  0%| F|  |TAMS 0x0000000706c00000, 0x0000000706c00000| Untracked 
|  55|0x0000000706e00000, 0x0000000706e00000, 0x0000000707000000|  0%| F|  |TAMS 0x0000000706e00000, 0x0000000706e00000| Untracked 
|  56|0x0000000707000000, 0x0000000707000000, 0x0000000707200000|  0%| F|  |TAMS 0x0000000707000000, 0x0000000707000000| Untracked 
|  57|0x0000000707200000, 0x0000000707200000, 0x0000000707400000|  0%| F|  |TAMS 0x0000000707200000, 0x0000000707200000| Untracked 
|  58|0x0000000707400000, 0x0000000707400000, 0x0000000707600000|  0%| F|  |TAMS 0x0000000707400000, 0x0000000707400000| Untracked 
|  59|0x0000000707600000, 0x0000000707600000, 0x0000000707800000|  0%| F|  |TAMS 0x0000000707600000, 0x0000000707600000| Untracked 
|  60|0x0000000707800000, 0x0000000707800000, 0x0000000707a00000|  0%| F|  |TAMS 0x0000000707800000, 0x0000000707800000| Untracked 
|  61|0x0000000707a00000, 0x0000000707a00000, 0x0000000707c00000|  0%| F|  |TAMS 0x0000000707a00000, 0x0000000707a00000| Untracked 
|  62|0x0000000707c00000, 0x0000000707c00000, 0x0000000707e00000|  0%| F|  |TAMS 0x0000000707c00000, 0x0000000707c00000| Untracked 
|  63|0x0000000707e00000, 0x0000000707e00000, 0x0000000708000000|  0%| F|  |TAMS 0x0000000707e00000, 0x0000000707e00000| Untracked 
|  64|0x0000000708000000, 0x0000000708000000, 0x0000000708200000|  0%| F|  |TAMS 0x0000000708000000, 0x0000000708000000| Untracked 
|  65|0x0000000708200000, 0x0000000708200000, 0x0000000708400000|  0%| F|  |TAMS 0x0000000708200000, 0x0000000708200000| Untracked 
|  66|0x0000000708400000, 0x0000000708400000, 0x0000000708600000|  0%| F|  |TAMS 0x0000000708400000, 0x0000000708400000| Untracked 
|  67|0x0000000708600000, 0x0000000708600000, 0x0000000708800000|  0%| F|  |TAMS 0x0000000708600000, 0x0000000708600000| Untracked 
|  68|0x0000000708800000, 0x0000000708800000, 0x0000000708a00000|  0%| F|  |TAMS 0x0000000708800000, 0x0000000708800000| Untracked 
|  69|0x0000000708a00000, 0x0000000708a00000, 0x0000000708c00000|  0%| F|  |TAMS 0x0000000708a00000, 0x0000000708a00000| Untracked 
|  70|0x0000000708c00000, 0x0000000708c00000, 0x0000000708e00000|  0%| F|  |TAMS 0x0000000708c00000, 0x0000000708c00000| Untracked 
|  71|0x0000000708e00000, 0x0000000708e00000, 0x0000000709000000|  0%| F|  |TAMS 0x0000000708e00000, 0x0000000708e00000| Untracked 
|  72|0x0000000709000000, 0x0000000709000000, 0x0000000709200000|  0%| F|  |TAMS 0x0000000709000000, 0x0000000709000000| Untracked 
|  73|0x0000000709200000, 0x0000000709200000, 0x0000000709400000|  0%| F|  |TAMS 0x0000000709200000, 0x0000000709200000| Untracked 
|  74|0x0000000709400000, 0x0000000709400000, 0x0000000709600000|  0%| F|  |TAMS 0x0000000709400000, 0x0000000709400000| Untracked 
|  75|0x0000000709600000, 0x0000000709600000, 0x0000000709800000|  0%| F|  |TAMS 0x0000000709600000, 0x0000000709600000| Untracked 
|  76|0x0000000709800000, 0x0000000709800000, 0x0000000709a00000|  0%| F|  |TAMS 0x0000000709800000, 0x0000000709800000| Untracked 
|  77|0x0000000709a00000, 0x0000000709a00000, 0x0000000709c00000|  0%| F|  |TAMS 0x0000000709a00000, 0x0000000709a00000| Untracked 
|  78|0x0000000709c00000, 0x0000000709c00000, 0x0000000709e00000|  0%| F|  |TAMS 0x0000000709c00000, 0x0000000709c00000| Untracked 
|  79|0x0000000709e00000, 0x0000000709e00000, 0x000000070a000000|  0%| F|  |TAMS 0x0000000709e00000, 0x0000000709e00000| Untracked 
|  80|0x000000070a000000, 0x000000070a000000, 0x000000070a200000|  0%| F|  |TAMS 0x000000070a000000, 0x000000070a000000| Untracked 
|  81|0x000000070a200000, 0x000000070a200000, 0x000000070a400000|  0%| F|  |TAMS 0x000000070a200000, 0x000000070a200000| Untracked 
|  82|0x000000070a400000, 0x000000070a400000, 0x000000070a600000|  0%| F|  |TAMS 0x000000070a400000, 0x000000070a400000| Untracked 
|  83|0x000000070a600000, 0x000000070a600000, 0x000000070a800000|  0%| F|  |TAMS 0x000000070a600000, 0x000000070a600000| Untracked 
|  84|0x000000070a800000, 0x000000070a800000, 0x000000070aa00000|  0%| F|  |TAMS 0x000000070a800000, 0x000000070a800000| Untracked 
|  85|0x000000070aa00000, 0x000000070aa00000, 0x000000070ac00000|  0%| F|  |TAMS 0x000000070aa00000, 0x000000070aa00000| Untracked 
|  86|0x000000070ac00000, 0x000000070ac00000, 0x000000070ae00000|  0%| F|  |TAMS 0x000000070ac00000, 0x000000070ac00000| Untracked 
|  87|0x000000070ae00000, 0x000000070ae00000, 0x000000070b000000|  0%| F|  |TAMS 0x000000070ae00000, 0x000000070ae00000| Untracked 
|  88|0x000000070b000000, 0x000000070b000000, 0x000000070b200000|  0%| F|  |TAMS 0x000000070b000000, 0x000000070b000000| Untracked 
|  89|0x000000070b200000, 0x000000070b200000, 0x000000070b400000|  0%| F|  |TAMS 0x000000070b200000, 0x000000070b200000| Untracked 
|  90|0x000000070b400000, 0x000000070b400000, 0x000000070b600000|  0%| F|  |TAMS 0x000000070b400000, 0x000000070b400000| Untracked 
|  91|0x000000070b600000, 0x000000070b600000, 0x000000070b800000|  0%| F|  |TAMS 0x000000070b600000, 0x000000070b600000| Untracked 
|  92|0x000000070b800000, 0x000000070b800000, 0x000000070ba00000|  0%| F|  |TAMS 0x000000070b800000, 0x000000070b800000| Untracked 
|  93|0x000000070ba00000, 0x000000070ba00000, 0x000000070bc00000|  0%| F|  |TAMS 0x000000070ba00000, 0x000000070ba00000| Untracked 
|  94|0x000000070bc00000, 0x000000070bc00000, 0x000000070be00000|  0%| F|  |TAMS 0x000000070bc00000, 0x000000070bc00000| Untracked 
|  95|0x000000070be00000, 0x000000070be00000, 0x000000070c000000|  0%| F|  |TAMS 0x000000070be00000, 0x000000070be00000| Untracked 
|  96|0x000000070c000000, 0x000000070c000000, 0x000000070c200000|  0%| F|  |TAMS 0x000000070c000000, 0x000000070c000000| Untracked 
|  97|0x000000070c200000, 0x000000070c200000, 0x000000070c400000|  0%| F|  |TAMS 0x000000070c200000, 0x000000070c200000| Untracked 
|  98|0x000000070c400000, 0x000000070c400000, 0x000000070c600000|  0%| F|  |TAMS 0x000000070c400000, 0x000000070c400000| Untracked 
|  99|0x000000070c600000, 0x000000070c600000, 0x000000070c800000|  0%| F|  |TAMS 0x000000070c600000, 0x000000070c600000| Untracked 
| 100|0x000000070c800000, 0x000000070c800000, 0x000000070ca00000|  0%| F|  |TAMS 0x000000070c800000, 0x000000070c800000| Untracked 
| 101|0x000000070ca00000, 0x000000070ca00000, 0x000000070cc00000|  0%| F|  |TAMS 0x000000070ca00000, 0x000000070ca00000| Untracked 
| 102|0x000000070cc00000, 0x000000070cc00000, 0x000000070ce00000|  0%| F|  |TAMS 0x000000070cc00000, 0x000000070cc00000| Untracked 
| 103|0x000000070ce00000, 0x000000070ce00000, 0x000000070d000000|  0%| F|  |TAMS 0x000000070ce00000, 0x000000070ce00000| Untracked 
| 104|0x000000070d000000, 0x000000070d000000, 0x000000070d200000|  0%| F|  |TAMS 0x000000070d000000, 0x000000070d000000| Untracked 
| 105|0x000000070d200000, 0x000000070d200000, 0x000000070d400000|  0%| F|  |TAMS 0x000000070d200000, 0x000000070d200000| Untracked 
| 106|0x000000070d400000, 0x000000070d400000, 0x000000070d600000|  0%| F|  |TAMS 0x000000070d400000, 0x000000070d400000| Untracked 
| 107|0x000000070d600000, 0x000000070d600000, 0x000000070d800000|  0%| F|  |TAMS 0x000000070d600000, 0x000000070d600000| Untracked 
| 108|0x000000070d800000, 0x000000070d800000, 0x000000070da00000|  0%| F|  |TAMS 0x000000070d800000, 0x000000070d800000| Untracked 
| 109|0x000000070da00000, 0x000000070da00000, 0x000000070dc00000|  0%| F|  |TAMS 0x000000070da00000, 0x000000070da00000| Untracked 
| 110|0x000000070dc00000, 0x000000070dc00000, 0x000000070de00000|  0%| F|  |TAMS 0x000000070dc00000, 0x000000070dc00000| Untracked 
| 111|0x000000070de00000, 0x000000070de00000, 0x000000070e000000|  0%| F|  |TAMS 0x000000070de00000, 0x000000070de00000| Untracked 
| 112|0x000000070e000000, 0x000000070e000000, 0x000000070e200000|  0%| F|  |TAMS 0x000000070e000000, 0x000000070e000000| Untracked 
| 113|0x000000070e200000, 0x000000070e200000, 0x000000070e400000|  0%| F|  |TAMS 0x000000070e200000, 0x000000070e200000| Untracked 
| 114|0x000000070e400000, 0x000000070e400000, 0x000000070e600000|  0%| F|  |TAMS 0x000000070e400000, 0x000000070e400000| Untracked 
| 115|0x000000070e600000, 0x000000070e600000, 0x000000070e800000|  0%| F|  |TAMS 0x000000070e600000, 0x000000070e600000| Untracked 
| 116|0x000000070e800000, 0x000000070e800000, 0x000000070ea00000|  0%| F|  |TAMS 0x000000070e800000, 0x000000070e800000| Untracked 
| 117|0x000000070ea00000, 0x000000070ea00000, 0x000000070ec00000|  0%| F|  |TAMS 0x000000070ea00000, 0x000000070ea00000| Untracked 
| 118|0x000000070ec00000, 0x000000070ec00000, 0x000000070ee00000|  0%| F|  |TAMS 0x000000070ec00000, 0x000000070ec00000| Untracked 
| 119|0x000000070ee00000, 0x000000070ee00000, 0x000000070f000000|  0%| F|  |TAMS 0x000000070ee00000, 0x000000070ee00000| Untracked 
| 120|0x000000070f000000, 0x000000070f000000, 0x000000070f200000|  0%| F|  |TAMS 0x000000070f000000, 0x000000070f000000| Untracked 
| 121|0x000000070f200000, 0x000000070f200000, 0x000000070f400000|  0%| F|  |TAMS 0x000000070f200000, 0x000000070f200000| Untracked 
| 122|0x000000070f400000, 0x000000070f400000, 0x000000070f600000|  0%| F|  |TAMS 0x000000070f400000, 0x000000070f400000| Untracked 
| 123|0x000000070f600000, 0x000000070f600000, 0x000000070f800000|  0%| F|  |TAMS 0x000000070f600000, 0x000000070f600000| Untracked 
| 124|0x000000070f800000, 0x000000070f800000, 0x000000070fa00000|  0%| F|  |TAMS 0x000000070f800000, 0x000000070f800000| Untracked 
| 125|0x000000070fa00000, 0x000000070fa00000, 0x000000070fc00000|  0%| F|  |TAMS 0x000000070fa00000, 0x000000070fa00000| Untracked 
| 126|0x000000070fc00000, 0x000000070fce1cd0, 0x000000070fe00000| 44%| E|  |TAMS 0x000000070fc00000, 0x000000070fc00000| Complete 
| 127|0x000000070fe00000, 0x0000000710000000, 0x0000000710000000|100%| E|CS|TAMS 0x000000070fe00000, 0x000000070fe00000| Complete 
|1534|0x00000007bfc00000, 0x00000007bfd75000, 0x00000007bfe00000| 72%|OA|  |TAMS 0x00000007bfc00000, 0x00000007bfc00000| Untracked 
|1535|0x00000007bfe00000, 0x00000007bfe7d000, 0x00000007c0000000| 24%|CA|  |TAMS 0x00000007bfe00000, 0x00000007bfe00000| Untracked 

Card table byte_map: [0x0000000126bd4000,0x00000001273d4000] _byte_map_base: 0x00000001233d4000

Marking Bits (Prev, Next): (CMBitMap*) 0x00007fbdee008810, (CMBitMap*) 0x00007fbdee008850
 Prev Bits: [0x0000000127bd4000, 0x000000012bbd4000)
 Next Bits: [0x000000012bbd4000, 0x000000012fbd4000)

Polling page: 0x00000001046da000

Metaspace:

Usage:
  Non-class:    874.67 KB used.
      Class:     66.80 KB used.
       Both:    941.47 KB used.

Virtual space:
  Non-class space:        8.00 MB reserved,     960.00 KB ( 12%) committed,  1 nodes.
      Class space:        1.00 GB reserved,     128.00 KB ( <1%) committed,  1 nodes.
              Both:        1.01 GB reserved,       1.06 MB ( <1%) committed. 

Chunk freelists:
   Non-Class:  3.93 MB
       Class:  3.72 MB
        Both:  7.65 MB

MaxMetaspaceSize: 17179869184.00 GB
CompressedClassSpaceSize: 1.00 GB
 - commit_granule_bytes: 65536.
 - commit_granule_words: 8192.
 - virtual_space_node_default_size: 1048576.
 - enlarge_chunks_in_place: 1.
 - new_chunks_are_fully_committed: 0.
 - uncommit_free_chunks: 1.
 - use_allocation_guard: 0.
 - handle_deallocations: 1.


Internal statistics:

num_allocs_failed_limit: 0.
num_arena_births: 52.
num_arena_deaths: 0.
num_vsnodes_births: 2.
num_vsnodes_deaths: 0.
num_space_committed: 17.
num_space_uncommitted: 0.
num_chunks_returned_to_freelist: 0.
num_chunks_taken_from_freelist: 60.
num_chunk_merges: 0.
num_chunk_splits: 42.
num_chunks_enlarged: 25.
num_purges: 0.

CodeHeap 'non-profiled nmethods': size=120028Kb used=110Kb max_used=110Kb free=119918Kb
 bounds [0x000000011f69d000, 0x000000011f90d000, 0x0000000126bd4000]
CodeHeap 'profiled nmethods': size=120028Kb used=504Kb max_used=504Kb free=119523Kb
 bounds [0x0000000118166000, 0x00000001183d6000, 0x000000011f69d000]
CodeHeap 'non-nmethods': size=5704Kb used=1132Kb max_used=1146Kb free=4571Kb
 bounds [0x0000000117bd4000, 0x0000000117e44000, 0x0000000118166000]
 total_blobs=735 nmethods=321 adapters=329
 compilation: enabled
              stopped_count=0, restarted_count=0
 full_count=0

Compilation events (20 events):
Event: 0.415 Thread 0x00007fbdee14a800 nmethod 310 0x00000001181c3d10 code [0x00000001181c3ec0, 0x00000001181c40b0]
Event: 0.415 Thread 0x00007fbdee14a800  311       3       java.nio.ByteBuffer::arrayOffset (35 bytes)
Event: 0.415 Thread 0x00007fbdee14a800 nmethod 311 0x00000001181c4190 code [0x00000001181c4360, 0x00000001181c45d0]
Event: 0.415 Thread 0x00007fbdee14a800  312       3       java.lang.invoke.LambdaForm::uncustomize (57 bytes)
Event: 0.416 Thread 0x00007fbdee14a800 nmethod 312 0x00000001181c4710 code [0x00000001181c48e0, 0x00000001181c4c20]
Event: 0.418 Thread 0x00007fbdee14a800  314   !   3       java.lang.invoke.MemberName$Factory::resolve (159 bytes)
Event: 0.419 Thread 0x00007fbdee14a800 nmethod 314 0x00000001181c4d10 code [0x00000001181c4f40, 0x00000001181c5640]
Event: 0.419 Thread 0x00007fbdee14a800  317       3       java.nio.Buffer::position (52 bytes)
Event: 0.419 Thread 0x00007fbdee14a800 nmethod 317 0x00000001181c5910 code [0x00000001181c5ac0, 0x00000001181c5d40]
Event: 0.419 Thread 0x00007fbdee14a800  316       3       java.lang.String::toString (2 bytes)
Event: 0.419 Thread 0x00007fbdee14a800 nmethod 316 0x00000001181c5e10 code [0x00000001181c5fa0, 0x00000001181c60b0]
Event: 0.420 Thread 0x00007fbdee14a800  318       3       java.nio.CharBuffer::arrayOffset (35 bytes)
Event: 0.420 Thread 0x00007fbdee14a800 nmethod 318 0x00000001181c6110 code [0x00000001181c62e0, 0x00000001181c6550]
Event: 0.421 Thread 0x00007fbdee14a800  319       3       java.io.BufferedWriter::ensureOpen (18 bytes)
Event: 0.421 Thread 0x00007fbdee14a800 nmethod 319 0x00000001181c6690 code [0x00000001181c6840, 0x00000001181c6a00]
Event: 0.424 Thread 0x00007fbdee14a800  320 %     3       com.company.lesson_5.hmPractice.Test::main @ 702 (727 bytes)
Event: 0.453 Thread 0x00007fbdee14a800 nmethod 320% 0x00000001181c6b10 code [0x00000001181c8660, 0x00000001181df2a0]
Event: 0.453 Thread 0x00007fbdee0ed000  321 %     4       com.company.lesson_5.hmPractice.Test::main @ 702 (727 bytes)
Event: 0.456 Thread 0x00007fbdee0ed000 nmethod 321% 0x000000011f6b8510 code [0x000000011f6b86a0, 0x000000011f6b8758]
Event: 0.456 Thread 0x00007fbdee0ed000  322       4       com.company.lesson_5.hmPractice.Test::main (727 bytes)

GC Heap History (0 events):
No events

Deoptimization events (2 events):
Event: 0.456 Thread 0x00007fbdde808a00 DEOPT PACKING pc=0x00000001181de9b3 sp=0x000000030d3c77b0
Event: 0.456 Thread 0x00007fbdde808a00 DEOPT UNPACKING pc=0x0000000117c21b9b sp=0x000000030d3c6f58 mode 0

Classes unloaded (0 events):
No events

Classes redefined (0 events):
No events

Internal exceptions (3 events):
Event: 0.244 Thread 0x00007fbdee814600 Exception <a 'java/lang/NoSuchMethodError'{0x000000070fc069d8}: 'java.lang.Object java.lang.invoke.DirectMethodHandle$Holder.invokeStatic(java.lang.Object)'> (0x000000070fc069d8) 
thrown [./open/src/hotspot/share/interpreter/linkResolver.cpp, line 790]
Event: 0.246 Thread 0x00007fbdee814600 Exception <a 'java/lang/NoSuchMethodError'{0x000000070fc0a1c0}: 'java.lang.Object java.lang.invoke.DirectMethodHandle$Holder.invokeStaticInit(java.lang.Object)'> (0x000000070fc0a1c0) 
thrown [./open/src/hotspot/share/interpreter/linkResolver.cpp, line 790]
Event: 0.298 Thread 0x00007fbdee814600 Exception <a 'java/lang/NoSuchMethodError'{0x000000070fc188e0}: 'void java.lang.invoke.DirectMethodHandle$Holder.invokeStatic(java.lang.Object, java.lang.Object)'> (0x000000070fc188e0) 
thrown [./open/src/hotspot/share/interpreter/linkResolver.cpp, line 790]

Events (20 events):
Event: 0.307 loading class sun/nio/ch/NativeThread
Event: 0.307 loading class sun/nio/ch/NativeThread done
Event: 0.311 loading class java/io/BufferedReader
Event: 0.311 loading class java/io/BufferedReader done
Event: 0.311 loading class java/net/Socket$SocketInputStream
Event: 0.311 loading class java/net/Socket$SocketInputStream done
Event: 0.311 loading class sun/nio/ch/NioSocketImpl$1
Event: 0.312 loading class sun/nio/ch/NioSocketImpl$1 done
Event: 0.313 loading class sun/nio/cs/StreamDecoder
Event: 0.314 loading class sun/nio/cs/StreamDecoder done
Event: 0.314 loading class sun/nio/cs/US_ASCII$Decoder
Event: 0.314 loading class sun/nio/cs/US_ASCII$Decoder done
Event: 0.315 loading class sun/nio/ch/Util
Event: 0.315 loading class sun/nio/ch/Util done
Event: 0.316 loading class sun/nio/ch/Util$1
Event: 0.316 loading class sun/nio/ch/Util$1 done
Event: 0.316 loading class sun/nio/ch/Util$BufferCache
Event: 0.316 loading class sun/nio/ch/Util$BufferCache done
Event: 0.317 loading class java/nio/DirectByteBuffer$Deallocator
Event: 0.317 loading class java/nio/DirectByteBuffer$Deallocator done


Dynamic libraries:
0x000000010cc8f000 	/Users/illiaprichno/Library/Java/JavaVirtualMachines/openjdk-16.0.2/Contents/Home/lib/libjli.dylib
0x00007ff815718000 	/usr/lib/libz.1.dylib
0x00007ff815802000 	/usr/lib/libSystem.B.dylib
0x00007ff8157fd000 	/usr/lib/system/libcache.dylib
0x00007ff8157b8000 	/usr/lib/system/libcommonCrypto.dylib
0x00007ff8157e1000 	/usr/lib/system/libcompiler_rt.dylib
0x00007ff8157d7000 	/usr/lib/system/libcopyfile.dylib
0x00007ff809437000 	/usr/lib/system/libcorecrypto.dylib
0x00007ff8094fb000 	/usr/lib/system/libdispatch.dylib
0x00007ff809683000 	/usr/lib/system/libdyld.dylib
0x00007ff8157f3000 	/usr/lib/system/libkeymgr.dylib
0x00007ff815797000 	/usr/lib/system/libmacho.dylib
0x00007ff814d7b000 	/usr/lib/system/libquarantine.dylib
0x00007ff8157f1000 	/usr/lib/system/libremovefile.dylib
0x00007ff80e27a000 	/usr/lib/system/libsystem_asl.dylib
0x00007ff8093d9000 	/usr/lib/system/libsystem_blocks.dylib
0x00007ff809545000 	/usr/lib/system/libsystem_c.dylib
0x00007ff8157e9000 	/usr/lib/system/libsystem_collections.dylib
0x00007ff814073000 	/usr/lib/system/libsystem_configuration.dylib
0x00007ff8130e4000 	/usr/lib/system/libsystem_containermanager.dylib
0x00007ff815459000 	/usr/lib/system/libsystem_coreservices.dylib
0x00007ff80c2fb000 	/usr/lib/system/libsystem_darwin.dylib
0x00007ff8157f4000 	/usr/lib/system/libsystem_dnssd.dylib
0x00007ff809542000 	/usr/lib/system/libsystem_featureflags.dylib
0x00007ff8096ae000 	/usr/lib/system/libsystem_info.dylib
0x00007ff81572b000 	/usr/lib/system/libsystem_m.dylib
0x00007ff8094ce000 	/usr/lib/system/libsystem_malloc.dylib
0x00007ff80e209000 	/usr/lib/system/libsystem_networkextension.dylib
0x00007ff80c740000 	/usr/lib/system/libsystem_notify.dylib
0x00007ff814077000 	/usr/lib/system/libsystem_sandbox.dylib
0x00007ff8157ee000 	/usr/lib/system/libsystem_secinit.dylib
0x00007ff80963d000 	/usr/lib/system/libsystem_kernel.dylib
0x00007ff8096a4000 	/usr/lib/system/libsystem_platform.dylib
0x00007ff809677000 	/usr/lib/system/libsystem_pthread.dylib
0x00007ff80fcca000 	/usr/lib/system/libsystem_symptoms.dylib
0x00007ff80941d000 	/usr/lib/system/libsystem_trace.dylib
0x00007ff8157c4000 	/usr/lib/system/libunwind.dylib
0x00007ff8093dd000 	/usr/lib/system/libxpc.dylib
0x00007ff809627000 	/usr/lib/libc++abi.dylib
0x00007ff809308000 	/usr/lib/libobjc.A.dylib
0x00007ff8157cf000 	/usr/lib/liboah.dylib
0x00007ff8095ce000 	/usr/lib/libc++.1.dylib
0x00007ff821c44000 	/System/Library/Frameworks/Cocoa.framework/Versions/A/Cocoa
0x00007ff80c79f000 	/System/Library/Frameworks/AppKit.framework/Versions/C/AppKit
0x00007ff80f456000 	/System/Library/Frameworks/CoreData.framework/Versions/A/CoreData
0x00007ff80a48c000 	/System/Library/Frameworks/Foundation.framework/Versions/C/Foundation
0x00007ff80d7a7000 	/System/Library/PrivateFrameworks/UIFoundation.framework/Versions/A/UIFoundation
0x00007ffb097aa000 	/System/Library/PrivateFrameworks/CollectionViewCore.framework/Versions/A/CollectionViewCore
0x00007ff81bc43000 	/System/Library/PrivateFrameworks/RemoteViewServices.framework/Versions/A/RemoteViewServices
0x00007ff8138bc000 	/System/Library/PrivateFrameworks/XCTTargetBootstrap.framework/Versions/A/XCTTargetBootstrap
0x00007ff81772f000 	/System/Library/PrivateFrameworks/InternationalSupport.framework/Versions/A/InternationalSupport
0x00007ff8177b8000 	/System/Library/PrivateFrameworks/UserActivity.framework/Versions/A/UserActivity
0x00007ffb1fa10000 	/System/Library/PrivateFrameworks/WindowManagement.framework/Versions/A/WindowManagement
0x00007ff80a178000 	/System/Library/Frameworks/SystemConfiguration.framework/Versions/A/SystemConfiguration
0x00007ff816b2d000 	/usr/lib/libspindump.dylib
0x00007ff80d975000 	/System/Library/Frameworks/UniformTypeIdentifiers.framework/Versions/A/UniformTypeIdentifiers
0x00007ff811d9c000 	/usr/lib/libapp_launch_measurement.dylib
0x00007ff810a11000 	/System/Library/PrivateFrameworks/CoreAnalytics.framework/Versions/A/CoreAnalytics
0x00007ff811d9f000 	/System/Library/PrivateFrameworks/CoreAutoLayout.framework/Versions/A/CoreAutoLayout
0x00007ff813130000 	/System/Library/Frameworks/Metal.framework/Versions/A/Metal
0x00007ff814082000 	/usr/lib/liblangid.dylib
0x00007ff8138c1000 	/System/Library/PrivateFrameworks/CoreSVG.framework/Versions/A/CoreSVG
0x00007ff80e2ac000 	/System/Library/PrivateFrameworks/SkyLight.framework/Versions/A/SkyLight
0x00007ff80e696000 	/System/Library/Frameworks/CoreGraphics.framework/Versions/A/CoreGraphics
0x00007ff81c315000 	/System/Library/Frameworks/Accelerate.framework/Versions/A/Accelerate
0x00007ff8165a2000 	/System/Library/PrivateFrameworks/IconServices.framework/Versions/A/IconServices
0x00007ff813113000 	/System/Library/Frameworks/IOSurface.framework/Versions/A/IOSurface
0x00007ff810a3b000 	/usr/lib/libDiagnosticMessagesClient.dylib
0x00007ff81f85d000 	/System/Library/Frameworks/ApplicationServices.framework/Versions/A/ApplicationServices
0x00007ff8138a8000 	/System/Library/PrivateFrameworks/DFRFoundation.framework/Versions/A/DFRFoundation
0x00007ff80c067000 	/usr/lib/libicucore.A.dylib
0x00007ff8185d1000 	/System/Library/Frameworks/AudioToolbox.framework/Versions/A/AudioToolbox
0x00007ff81773a000 	/System/Library/PrivateFrameworks/DataDetectorsCore.framework/Versions/A/DataDetectorsCore
0x00007ff910f16000 	/System/Library/PrivateFrameworks/TextInput.framework/Versions/A/TextInput
0x00007ff80e221000 	/usr/lib/libMobileGestalt.dylib
0x00007ff8135b0000 	/System/Library/Frameworks/Carbon.framework/Versions/A/Frameworks/HIToolbox.framework/Versions/A/HIToolbox
0x00007ff81173e000 	/System/Library/Frameworks/QuartzCore.framework/Versions/A/QuartzCore
0x00007ff80bce6000 	/System/Library/Frameworks/Security.framework/Versions/A/Security
0x00007ff81bc7b000 	/System/Library/Frameworks/Carbon.framework/Versions/A/Frameworks/SpeechRecognition.framework/Versions/A/SpeechRecognition
0x00007ff811adc000 	/System/Library/PrivateFrameworks/CoreUI.framework/Versions/A/CoreUI
0x00007ff80b5c8000 	/System/Library/Frameworks/CoreAudio.framework/Versions/A/CoreAudio
0x00007ff810b15000 	/System/Library/Frameworks/DiskArbitration.framework/Versions/A/DiskArbitration
0x00007ff816f4a000 	/System/Library/PrivateFrameworks/MultitouchSupport.framework/Versions/A/MultitouchSupport
0x00007ff80e220000 	/usr/lib/libenergytrace.dylib
0x00007ff80c681000 	/System/Library/Frameworks/IOKit.framework/Versions/A/IOKit
0x00007ff81c074000 	/System/Library/Frameworks/CoreServices.framework/Versions/A/CoreServices
0x00007ff811d34000 	/System/Library/PrivateFrameworks/PerformanceAnalysis.framework/Versions/A/PerformanceAnalysis
0x00007ffa1f75c000 	/System/Library/Frameworks/OpenGL.framework/Versions/A/OpenGL
0x00007ff811de7000 	/usr/lib/libxml2.2.dylib
0x00007ff814c8e000 	/System/Library/PrivateFrameworks/MobileKeyBag.framework/Versions/A/MobileKeyBag
0x00007ff80eeb8000 	/System/Library/Frameworks/ColorSync.framework/Versions/A/ColorSync
0x00007ff8096d9000 	/System/Library/Frameworks/CoreFoundation.framework/Versions/A/CoreFoundation
0x00007ff813c5f000 	/System/Library/Frameworks/CoreImage.framework/Versions/A/CoreImage
0x00007ff80b3d9000 	/System/Library/Frameworks/CoreText.framework/Versions/A/CoreText
0x00007ff8138fc000 	/System/Library/Frameworks/ImageIO.framework/Versions/A/ImageIO
0x00007ff815808000 	/System/Library/PrivateFrameworks/SoftLinking.framework/Versions/A/SoftLinking
0x00007ff815a88000 	/usr/lib/libcompression.dylib
0x00007ff817661000 	/System/Library/PrivateFrameworks/TextureIO.framework/Versions/A/TextureIO
0x00007ff8161d2000 	/usr/lib/libate.dylib
0x00007ff815f63000 	/usr/lib/liblzma.5.dylib
0x00007ff815804000 	/usr/lib/libfakelink.dylib
0x00007ff80de63000 	/System/Library/Frameworks/CFNetwork.framework/Versions/A/CFNetwork
0x00007ff815941000 	/usr/lib/libarchive.2.dylib
0x00007ff819f1c000 	/System/Library/Frameworks/Combine.framework/Versions/A/Combine
0x00007ff818049000 	/usr/lib/swift/libswiftCore.dylib
0x00007ff90df62000 	/usr/lib/swift/libswiftCoreFoundation.dylib
0x00007ff90bf3b000 	/usr/lib/swift/libswiftDarwin.dylib
0x00007ff81d891000 	/usr/lib/swift/libswiftDispatch.dylib
0x00007ff90df7e000 	/usr/lib/swift/libswiftIOKit.dylib
0x00007ff81fc92000 	/usr/lib/swift/libswiftObjectiveC.dylib
0x00007ff90df73000 	/usr/lib/swift/libswiftXPC.dylib
0x00007ffb262e5000 	/usr/lib/swift/libswift_Concurrency.dylib
0x00007ffb26424000 	/usr/lib/swift/libswift_StringProcessing.dylib
0x00007ff81fc96000 	/usr/lib/swift/libswiftos.dylib
0x00007ff80c602000 	/System/Library/PrivateFrameworks/CoreServicesInternal.framework/Versions/A/CoreServicesInternal
0x00007ff814da2000 	/usr/lib/libbsm.0.dylib
0x00007ff81579c000 	/usr/lib/system/libkxld.dylib
0x00007ff811d68000 	/System/Library/Frameworks/CoreServices.framework/Versions/A/Frameworks/FSEvents.framework/Versions/A/FSEvents
0x00007ff80c306000 	/System/Library/Frameworks/CoreServices.framework/Versions/A/Frameworks/CarbonCore.framework/Versions/A/CarbonCore
0x00007ff810a7e000 	/System/Library/Frameworks/CoreServices.framework/Versions/A/Frameworks/Metadata.framework/Versions/A/Metadata
0x00007ff81545f000 	/System/Library/Frameworks/CoreServices.framework/Versions/A/Frameworks/OSServices.framework/Versions/A/OSServices
0x00007ff8159c9000 	/System/Library/Frameworks/CoreServices.framework/Versions/A/Frameworks/SearchKit.framework/Versions/A/SearchKit
0x00007ff80fc51000 	/System/Library/Frameworks/CoreServices.framework/Versions/A/Frameworks/AE.framework/Versions/A/AE
0x00007ff809b71000 	/System/Library/Frameworks/CoreServices.framework/Versions/A/Frameworks/LaunchServices.framework/Versions/A/LaunchServices
0x00007ff815f14000 	/System/Library/Frameworks/CoreServices.framework/Versions/A/Frameworks/DictionaryServices.framework/Versions/A/DictionaryServices
0x00007ff811d75000 	/System/Library/Frameworks/CoreServices.framework/Versions/A/Frameworks/SharedFileList.framework/Versions/A/SharedFileList
0x00007ff815a55000 	/usr/lib/libapple_nghttp2.dylib
0x00007ff80de5f000 	/usr/lib/libnetwork.dylib
0x00007ff80f8cf000 	/usr/lib/libsqlite3.dylib
0x00007ff80fcd2000 	/System/Library/Frameworks/Network.framework/Versions/A/Network
0x00007ffb252d4000 	/usr/lib/libCoreEntitlements.dylib
0x00007ffb12c65000 	/System/Library/PrivateFrameworks/MessageSecurity.framework/Versions/A/MessageSecurity
0x00007ff80f8b6000 	/System/Library/PrivateFrameworks/ProtocolBuffer.framework/Versions/A/ProtocolBuffer
0x00007ff815439000 	/System/Library/PrivateFrameworks/AppleFSCompression.framework/Versions/A/AppleFSCompression
0x00007ff814d8a000 	/usr/lib/libcoretls.dylib
0x00007ff815f7d000 	/usr/lib/libcoretls_cfhelpers.dylib
0x00007ff815a82000 	/usr/lib/libpam.2.dylib
0x00007ff815fea000 	/usr/lib/libxar.1.dylib
0x00007ff81657e000 	/usr/lib/libheimdal-asn1.dylib
0x00007ff815809000 	/usr/lib/libpcap.A.dylib
0x00007ff80fcc1000 	/usr/lib/libdns_services.dylib
0x00007ff81407e000 	/System/Library/PrivateFrameworks/AppleSystemInfo.framework/Versions/A/AppleSystemInfo
0x00007ff814a97000 	/System/Library/PrivateFrameworks/IOMobileFramebuffer.framework/Versions/A/IOMobileFramebuffer
0x00007ff815449000 	/usr/lib/libbz2.1.0.dylib
0x00007ff814d7e000 	/usr/lib/libCheckFix.dylib
0x00007ff80e291000 	/System/Library/PrivateFrameworks/TCC.framework/Versions/A/TCC
0x00007ff814084000 	/System/Library/PrivateFrameworks/CoreNLP.framework/Versions/A/CoreNLP
0x00007ff810a3d000 	/System/Library/PrivateFrameworks/MetadataUtilities.framework/Versions/A/MetadataUtilities
0x00007ff814db2000 	/usr/lib/libmecab.dylib
0x00007ff80a1f7000 	/usr/lib/libCRFSuite.dylib
0x00007ff814e0c000 	/usr/lib/libgermantok.dylib
0x00007ff815a30000 	/usr/lib/libThaiTokenizer.dylib
0x00007ff810b1d000 	/System/Library/Frameworks/Accelerate.framework/Versions/A/Frameworks/vImage.framework/Versions/A/vImage
0x00007ff81c047000 	/System/Library/Frameworks/Accelerate.framework/Versions/A/Frameworks/vecLib.framework/Versions/A/vecLib
0x00007ff81602c000 	/System/Library/Frameworks/Accelerate.framework/Versions/A/Frameworks/vecLib.framework/Versions/A/libvMisc.dylib
0x00007ff814892000 	/System/Library/Frameworks/Accelerate.framework/Versions/A/Frameworks/vecLib.framework/Versions/A/libvDSP.dylib
0x00007ff809f2d000 	/System/Library/Frameworks/Accelerate.framework/Versions/A/Frameworks/vecLib.framework/Versions/A/libBLAS.dylib
0x00007ff815b67000 	/System/Library/Frameworks/Accelerate.framework/Versions/A/Frameworks/vecLib.framework/Versions/A/libLAPACK.dylib
0x00007ff814e0f000 	/System/Library/Frameworks/Accelerate.framework/Versions/A/Frameworks/vecLib.framework/Versions/A/libLinearAlgebra.dylib
0x00007ff815a6d000 	/System/Library/Frameworks/Accelerate.framework/Versions/A/Frameworks/vecLib.framework/Versions/A/libSparseBLAS.dylib
0x00007ff815b61000 	/System/Library/Frameworks/Accelerate.framework/Versions/A/Frameworks/vecLib.framework/Versions/A/libQuadrature.dylib
0x00007ff814170000 	/System/Library/Frameworks/Accelerate.framework/Versions/A/Frameworks/vecLib.framework/Versions/A/libBNNS.dylib
0x00007ff80a101000 	/System/Library/Frameworks/Accelerate.framework/Versions/A/Frameworks/vecLib.framework/Versions/A/libSparse.dylib
0x00007ffb11f64000 	/System/Library/PrivateFrameworks/MIL.framework/Versions/A/MIL
0x00007ff81583e000 	/usr/lib/libiconv.2.dylib
0x00007ff815796000 	/usr/lib/libcharset.1.dylib
0x00007ff811d4c000 	/System/Library/Frameworks/OpenDirectory.framework/Versions/A/Frameworks/CFOpenDirectory.framework/Versions/A/CFOpenDirectory
0x00007ff811d40000 	/System/Library/Frameworks/OpenDirectory.framework/Versions/A/OpenDirectory
0x00007ff815f7f000 	/System/Library/PrivateFrameworks/APFS.framework/Versions/A/APFS
0x00007ff814cc1000 	/System/Library/Frameworks/SecurityFoundation.framework/Versions/A/SecurityFoundation
0x00007ff815ff8000 	/usr/lib/libutil.dylib
0x00007ffb11102000 	/System/Library/PrivateFrameworks/InstalledContentLibrary.framework/Versions/A/InstalledContentLibrary
0x00007ff80c645000 	/System/Library/PrivateFrameworks/CoreServicesStore.framework/Versions/A/CoreServicesStore
0x00007ffa28347000 	/System/Library/PrivateFrameworks/AppleMobileFileIntegrity.framework/Versions/A/AppleMobileFileIntegrity
0x00007ff90df42000 	/usr/lib/libmis.dylib
0x00007ff91c533000 	/System/Library/PrivateFrameworks/MobileSystemServices.framework/Versions/A/MobileSystemServices
0x00007ffa16668000 	/System/Library/PrivateFrameworks/ConfigProfileHelper.framework/Versions/A/ConfigProfileHelper
0x00007ff815a32000 	/System/Library/PrivateFrameworks/AppleSauce.framework/Versions/A/AppleSauce
0x00007ff80ae9e000 	/System/Library/PrivateFrameworks/LanguageModeling.framework/Versions/A/LanguageModeling
0x00007ff815ffc000 	/usr/lib/libxslt.1.dylib
0x00007ff815930000 	/usr/lib/libcmph.dylib
0x00007ff814a85000 	/System/Library/PrivateFrameworks/CoreEmoji.framework/Versions/A/CoreEmoji
0x00007ff81416a000 	/System/Library/PrivateFrameworks/LinguisticData.framework/Versions/A/LinguisticData
0x00007ff80a0b7000 	/System/Library/PrivateFrameworks/Lexicon.framework/Versions/A/Lexicon
0x00007ff814d4f000 	/System/Library/PrivateFrameworks/BackgroundTaskManagement.framework/Versions/A/BackgroundTaskManagement
0x00007ffb2540a000 	/usr/lib/libTLE.dylib
0x00007ffb26369000 	/usr/lib/swift/libswift_RegexParser.dylib
0x00007ff816e14000 	/System/Library/PrivateFrameworks/AppleJPEG.framework/Versions/A/AppleJPEG
0x00007ff816563000 	/usr/lib/libexpat.1.dylib
0x00007ff8174be000 	/System/Library/Frameworks/ImageIO.framework/Versions/A/Resources/libPng.dylib
0x00007ff8174eb000 	/System/Library/Frameworks/ImageIO.framework/Versions/A/Resources/libTIFF.dylib
0x00007ff8175db000 	/System/Library/Frameworks/ImageIO.framework/Versions/A/Resources/libGIF.dylib
0x00007ff816e5f000 	/System/Library/Frameworks/ImageIO.framework/Versions/A/Resources/libJP2.dylib
0x00007ff81757b000 	/System/Library/Frameworks/ImageIO.framework/Versions/A/Resources/libJPEG.dylib
0x00007ff817572000 	/System/Library/Frameworks/ImageIO.framework/Versions/A/Resources/libRadiance.dylib
0x00007ff813446000 	/System/Library/PrivateFrameworks/FontServices.framework/libFontParser.dylib
0x00007ff80fbf6000 	/System/Library/PrivateFrameworks/RunningBoardServices.framework/Versions/A/RunningBoardServices
0x00007ff822281000 	/System/Library/PrivateFrameworks/IOSurfaceAccelerator.framework/Versions/A/IOSurfaceAccelerator
0x00007ff816f46000 	/System/Library/PrivateFrameworks/WatchdogClient.framework/Versions/A/WatchdogClient
0x00007ff80b000000 	/System/Library/Frameworks/CoreDisplay.framework/Versions/A/CoreDisplay
0x00007ff813335000 	/System/Library/Frameworks/CoreMedia.framework/Versions/A/CoreMedia
0x00007ff813127000 	/System/Library/PrivateFrameworks/IOAccelerator.framework/Versions/A/IOAccelerator
0x00007ff811ec6000 	/System/Library/Frameworks/CoreVideo.framework/Versions/A/CoreVideo
0x00007ff815a80000 	/System/Library/Frameworks/MetalPerformanceShaders.framework/Versions/A/MetalPerformanceShaders
0x00007ff816f83000 	/System/Library/Frameworks/VideoToolbox.framework/Versions/A/VideoToolbox
0x00007ff80fb3a000 	/System/Library/PrivateFrameworks/BaseBoard.framework/Versions/A/BaseBoard
0x00007ff81756b000 	/System/Library/PrivateFrameworks/GPUWrangler.framework/Versions/A/GPUWrangler
0x00007ff81754f000 	/System/Library/PrivateFrameworks/IOPresentment.framework/Versions/A/IOPresentment
0x00007ff817575000 	/System/Library/PrivateFrameworks/DSExternalDisplay.framework/Versions/A/DSExternalDisplay
0x00007ffb0d796000 	/System/Library/PrivateFrameworks/GPUCompiler.framework/Versions/31001/Libraries/libllvm-flatbuffers.dylib
0x00007ffa1f750000 	/System/Library/Frameworks/OpenGL.framework/Versions/A/Libraries/libCoreFSCache.dylib
0x00007ffb0d792000 	/System/Library/PrivateFrameworks/GPUCompiler.framework/Versions/31001/Libraries/libGPUCompilerUtils.dylib
0x00007ff8175e1000 	/System/Library/PrivateFrameworks/CMCaptureCore.framework/Versions/A/CMCaptureCore
0x00007ffa22947000 	/System/Library/Frameworks/ExtensionFoundation.framework/Versions/A/ExtensionFoundation
0x00007ff81e00d000 	/System/Library/PrivateFrameworks/CoreTime.framework/Versions/A/CoreTime
0x00007ff816b17000 	/System/Library/PrivateFrameworks/AppServerSupport.framework/Versions/A/AppServerSupport
0x00007ff818e9c000 	/System/Library/PrivateFrameworks/perfdata.framework/Versions/A/perfdata
0x00007ff80b12c000 	/System/Library/PrivateFrameworks/AudioToolboxCore.framework/Versions/A/AudioToolboxCore
0x00007ff81330f000 	/System/Library/PrivateFrameworks/caulk.framework/Versions/A/caulk
0x00007ff818769000 	/usr/lib/libAudioStatistics.dylib
0x00007ff90d3de000 	/System/Library/PrivateFrameworks/SystemPolicy.framework/Versions/A/SystemPolicy
0x00007ff818a07000 	/usr/lib/libSMC.dylib
0x00007ff821ae9000 	/System/Library/Frameworks/CoreMIDI.framework/Versions/A/CoreMIDI
0x00007ff81748c000 	/usr/lib/libAudioToolboxUtility.dylib
0x00007ff82700c000 	/System/Library/PrivateFrameworks/OSAServicesClient.framework/Versions/A/OSAServicesClient
0x00007ff818ea9000 	/usr/lib/libperfcheck.dylib
0x00007ff816447000 	/System/Library/PrivateFrameworks/PlugInKit.framework/Versions/A/PlugInKit
0x00007ff814cb4000 	/System/Library/PrivateFrameworks/AssertionServices.framework/Versions/A/AssertionServices
0x00007ffa1f7ab000 	/System/Library/Frameworks/OpenGL.framework/Versions/A/Libraries/libGLU.dylib
0x00007ffa1f76f000 	/System/Library/Frameworks/OpenGL.framework/Versions/A/Libraries/libGFXShared.dylib
0x00007ffa1f978000 	/System/Library/Frameworks/OpenGL.framework/Versions/A/Libraries/libGL.dylib
0x00007ffa1f778000 	/System/Library/Frameworks/OpenGL.framework/Versions/A/Libraries/libGLImage.dylib
0x00007ffa1f76c000 	/System/Library/Frameworks/OpenGL.framework/Versions/A/Libraries/libCVMSPluginSupport.dylib
0x00007ffb253e9000 	/usr/lib/libRosetta.dylib
0x00007ffa1f757000 	/System/Library/Frameworks/OpenGL.framework/Versions/A/Libraries/libCoreVMClient.dylib
0x00007ff813ff7000 	/System/Library/Frameworks/MetalPerformanceShaders.framework/Versions/A/Frameworks/MPSCore.framework/Versions/A/MPSCore
0x00007ff8153a3000 	/System/Library/Frameworks/MetalPerformanceShaders.framework/Versions/A/Frameworks/MPSImage.framework/Versions/A/MPSImage
0x00007ff814e25000 	/System/Library/Frameworks/MetalPerformanceShaders.framework/Versions/A/Frameworks/MPSNeuralNetwork.framework/Versions/A/MPSNeuralNetwork
0x00007ff815298000 	/System/Library/Frameworks/MetalPerformanceShaders.framework/Versions/A/Frameworks/MPSMatrix.framework/Versions/A/MPSMatrix
0x00007ff815053000 	/System/Library/Frameworks/MetalPerformanceShaders.framework/Versions/A/Frameworks/MPSRayIntersector.framework/Versions/A/MPSRayIntersector
0x00007ff8152d2000 	/System/Library/Frameworks/MetalPerformanceShaders.framework/Versions/A/Frameworks/MPSNDArray.framework/Versions/A/MPSNDArray
0x00007ffa23cb2000 	/System/Library/Frameworks/MetalPerformanceShaders.framework/Versions/A/Frameworks/MPSFunctions.framework/Versions/A/MPSFunctions
0x00007ff809dee000 	/System/Library/PrivateFrameworks/MetalTools.framework/Versions/A/MetalTools
0x00007ff81407d000 	/System/Library/PrivateFrameworks/AggregateDictionary.framework/Versions/A/AggregateDictionary
0x00007ff816302000 	/usr/lib/libIOReport.dylib
0x00007ffa2043f000 	/System/Library/Frameworks/OpenCL.framework/Versions/A/OpenCL
0x00007ff8166a9000 	/System/Library/PrivateFrameworks/GraphVisualizer.framework/Versions/A/GraphVisualizer
0x00007ffb0d697000 	/System/Library/PrivateFrameworks/FontServices.framework/Versions/A/FontServices
0x00007ff816ad2000 	/System/Library/PrivateFrameworks/OTSVG.framework/Versions/A/OTSVG
0x00007ff811a90000 	/System/Library/Frameworks/ApplicationServices.framework/Versions/A/Frameworks/ATS.framework/Versions/A/Resources/libFontRegistry.dylib
0x00007ff816b21000 	/System/Library/PrivateFrameworks/FontServices.framework/libhvf.dylib
0x00007ffb0d698000 	/System/Library/PrivateFrameworks/FontServices.framework/libXTFontStaticRegistryData.dylib
0x00007ffb1e8c9000 	/System/Library/PrivateFrameworks/VideoToolboxParavirtualizationSupport.framework/Versions/A/VideoToolboxParavirtualizationSupport
0x00007ff816513000 	/System/Library/PrivateFrameworks/AppleVA.framework/Versions/A/AppleVA
0x00007ff8187a9000 	/System/Library/Frameworks/ApplicationServices.framework/Versions/A/Frameworks/ATS.framework/Versions/A/ATS
0x00007ff80efa8000 	/System/Library/Frameworks/ApplicationServices.framework/Versions/A/Frameworks/HIServices.framework/Versions/A/HIServices
0x00007ff8175ed000 	/System/Library/Frameworks/ApplicationServices.framework/Versions/A/Frameworks/PrintCore.framework/Versions/A/PrintCore
0x00007ff818b5c000 	/System/Library/Frameworks/ApplicationServices.framework/Versions/A/Frameworks/QD.framework/Versions/A/QD
0x00007ff818b54000 	/System/Library/Frameworks/ApplicationServices.framework/Versions/A/Frameworks/ColorSyncLegacy.framework/Versions/A/ColorSyncLegacy
0x00007ff81877d000 	/System/Library/Frameworks/ApplicationServices.framework/Versions/A/Frameworks/SpeechSynthesis.framework/Versions/A/SpeechSynthesis
0x00007ff8175ab000 	/System/Library/Frameworks/ApplicationServices.framework/Versions/A/Frameworks/ATSUI.framework/Versions/A/ATSUI
0x00007ff818ae7000 	/usr/lib/libcups.2.dylib
0x00007ff818eb8000 	/System/Library/Frameworks/Kerberos.framework/Versions/A/Kerberos
0x00007ff818ec7000 	/System/Library/Frameworks/GSS.framework/Versions/A/GSS
0x00007ff818817000 	/usr/lib/libresolv.9.dylib
0x00007ff816b32000 	/System/Library/PrivateFrameworks/Heimdal.framework/Versions/A/Heimdal
0x00007ff81fc15000 	/System/Library/Frameworks/Kerberos.framework/Versions/A/Libraries/libHeimdalProxy.dylib
0x00007ff818f12000 	/System/Library/PrivateFrameworks/CommonAuth.framework/Versions/A/CommonAuth
0x00007ffa21c1d000 	/System/Library/Frameworks/AVFAudio.framework/Versions/A/AVFAudio
0x00007ff827055000 	/System/Library/PrivateFrameworks/AXCoreUtilities.framework/Versions/A/AXCoreUtilities
0x00007ff8186f9000 	/System/Library/PrivateFrameworks/AudioSession.framework/Versions/A/AudioSession
0x00007ff819cf3000 	/System/Library/Frameworks/IOBluetooth.framework/Versions/A/IOBluetooth
0x00007ff816619000 	/System/Library/PrivateFrameworks/MediaExperience.framework/Versions/A/MediaExperience
0x00007ff8185a0000 	/System/Library/PrivateFrameworks/AudioSession.framework/libSessionUtility.dylib
0x00007ff818b68000 	/System/Library/PrivateFrameworks/AudioResourceArbitration.framework/Versions/A/AudioResourceArbitration
0x00007ff81cc4c000 	/System/Library/PrivateFrameworks/PowerLog.framework/Versions/A/PowerLog
0x00007ff81cb8e000 	/System/Library/Frameworks/CoreBluetooth.framework/Versions/A/CoreBluetooth
0x00007ff81fc16000 	/System/Library/Frameworks/AudioUnit.framework/Versions/A/AudioUnit
0x00007ff814b1e000 	/System/Library/PrivateFrameworks/CoreUtils.framework/Versions/A/CoreUtils
0x00007ffb0c248000 	/System/Library/PrivateFrameworks/CoreUtilsExtras.framework/Versions/A/CoreUtilsExtras
0x00007ffb10f99000 	/System/Library/PrivateFrameworks/IO80211.framework/Versions/A/IO80211
0x00007ff816587000 	/System/Library/PrivateFrameworks/IconFoundation.framework/Versions/A/IconFoundation
0x00007ff81bc6b000 	/System/Library/PrivateFrameworks/SpeechRecognitionCore.framework/Versions/A/SpeechRecognitionCore
0x000000010dd25000 	/Users/illiaprichno/Library/Java/JavaVirtualMachines/openjdk-16.0.2/Contents/Home/lib/server/libjvm.dylib
0x000000010ccef000 	/Users/illiaprichno/Library/Java/JavaVirtualMachines/openjdk-16.0.2/Contents/Home/lib/libjimage.dylib
0x000000010cd0a000 	/Users/illiaprichno/Library/Java/JavaVirtualMachines/openjdk-16.0.2/Contents/Home/lib/libinstrument.dylib
0x000000010cd5a000 	/Users/illiaprichno/Library/Java/JavaVirtualMachines/openjdk-16.0.2/Contents/Home/lib/libjava.dylib
0x000000010d9ce000 	/Users/illiaprichno/Library/Java/JavaVirtualMachines/openjdk-16.0.2/Contents/Home/lib/libzip.dylib
0x000000010da80000 	/Users/illiaprichno/Library/Java/JavaVirtualMachines/openjdk-16.0.2/Contents/Home/lib/libnio.dylib
0x000000010daca000 	/Users/illiaprichno/Library/Java/JavaVirtualMachines/openjdk-16.0.2/Contents/Home/lib/libnet.dylib
0x000000010daba000 	/Users/illiaprichno/Library/Java/JavaVirtualMachines/openjdk-16.0.2/Contents/Home/lib/libextnet.dylib


VM Arguments:
jvm_args: -javaagent:/Applications/IntelliJ IDEA.app/Contents/lib/idea_rt.jar=50859:/Applications/IntelliJ IDEA.app/Contents/bin -Dfile.encoding=UTF-8 
java_command: com.company.lesson_5.hmPractice.Test
java_class_path (initial): /Users/illiaprichno/Desktop/java /AllLessons/out/production/javaLessonSonya
Launcher Type: SUN_STANDARD

[Global flags]
     intx CICompilerCount                          = 4                                         {product} {ergonomic}
     uint ConcGCThreads                            = 2                                         {product} {ergonomic}
     uint G1ConcRefinementThreads                  = 8                                         {product} {ergonomic}
   size_t G1HeapRegionSize                         = 2097152                                   {product} {ergonomic}
    uintx GCDrainStackTargetSize                   = 64                                        {product} {ergonomic}
   size_t InitialHeapSize                          = 268435456                                 {product} {ergonomic}
   size_t MarkStackSize                            = 4194304                                   {product} {ergonomic}
   size_t MaxHeapSize                              = 4294967296                                {product} {ergonomic}
   size_t MaxNewSize                               = 2575302656                                {product} {ergonomic}
   size_t MinHeapDeltaBytes                        = 2097152                                   {product} {ergonomic}
   size_t MinHeapSize                              = 8388608                                   {product} {ergonomic}
    uintx NonNMethodCodeHeapSize                   = 5839372                                {pd product} {ergonomic}
    uintx NonProfiledCodeHeapSize                  = 122909434                              {pd product} {ergonomic}
    uintx ProfiledCodeHeapSize                     = 122909434                              {pd product} {ergonomic}
    uintx ReservedCodeCacheSize                    = 251658240                              {pd product} {ergonomic}
     bool SegmentedCodeCache                       = true                                      {product} {ergonomic}
   size_t SoftMaxHeapSize                          = 4294967296                             {manageable} {ergonomic}
     bool UseCompressedClassPointers               = true                           {product lp64_product} {ergonomic}
     bool UseCompressedOops                        = true                           {product lp64_product} {ergonomic}
     bool UseG1GC                                  = true                                      {product} {ergonomic}
     bool UseNUMA                                  = false                                     {product} {ergonomic}
     bool UseNUMAInterleaving                      = false                                     {product} {ergonomic}

Logging:
Log output configuration:
 #0: stdout all=warning uptime,level,tags
 #1: stderr all=off uptime,level,tags

Environment Variables:
PATH=/opt/homebrew/bin:/opt/homebrew/sbin:/Library/Frameworks/Python.framework/Versions/3.9/bin:/usr/local/bin:/System/Cryptexes/App/usr/bin:/usr/bin:/bin:/usr/sbin:/sbin:/Library/Apple/usr/bin:/Users/illiaprichno/.cabal/bin:/Users/illiaprichno/.ghcup/bin
SHELL=/bin/zsh
LC_CTYPE=ru_UA.UTF-8

Signal Handlers:
SIGSEGV: [libjvm.dylib+0xa7da90], sa_mask[0]=11100110100111111111111111111111, sa_flags=SA_ONSTACK|SA_RESTART|SA_SIGINFO
SIGBUS: [libjvm.dylib+0xa7da90], sa_mask[0]=11100110100111111111111111111111, sa_flags=SA_RESTART|SA_SIGINFO
SIGFPE: [libjvm.dylib+0xa7da90], sa_mask[0]=11100110100111111111111111111111, sa_flags=SA_RESTART|SA_SIGINFO
SIGPIPE: [libjvm.dylib+0x947480], sa_mask[0]=11100110100111111111111111111111, sa_flags=SA_RESTART|SA_SIGINFO
SIGXFSZ: [libjvm.dylib+0x947480], sa_mask[0]=11100110100111111111111111111111, sa_flags=SA_RESTART|SA_SIGINFO
SIGILL: [libjvm.dylib+0xa7da90], sa_mask[0]=11100110100111111111111111111111, sa_flags=SA_RESTART|SA_SIGINFO
SIGUSR2: [libjvm.dylib+0x947f30], sa_mask[0]=00100000000000000000000000000000, sa_flags=SA_RESTART|SA_SIGINFO
SIGHUP: [libjvm.dylib+0x9464f0], sa_mask[0]=11100110100111111111111111111111, sa_flags=SA_RESTART|SA_SIGINFO
SIGINT: [libjvm.dylib+0x9464f0], sa_mask[0]=11100110100111111111111111111111, sa_flags=SA_RESTART|SA_SIGINFO
SIGTERM: [libjvm.dylib+0x9464f0], sa_mask[0]=11100110100111111111111111111111, sa_flags=SA_RESTART|SA_SIGINFO
SIGQUIT: [libjvm.dylib+0x9464f0], sa_mask[0]=11100110100111111111111111111111, sa_flags=SA_RESTART|SA_SIGINFO
SIGTRAP: [libjvm.dylib+0xa7da90], sa_mask[0]=11100110100111111111111111111111, sa_flags=SA_RESTART|SA_SIGINFO


---------------  S Y S T E M  ---------------

OS:uname: Darwin 22.2.0 Darwin Kernel Version 22.2.0: Fri Nov 11 02:04:44 PST 2022; root:xnu-8792.61.2~4/RELEASE_ARM64_T8103 x86_64
OS uptime: 0 days 2:53 hours
rlimit (soft/hard): STACK 8176k/65520k , CORE 0k/infinity , NPROC 2666/4000 , NOFILE 10240/infinity , AS infinity/infinity , CPU infinity/infinity , DATA infinity/infinity , FSIZE infinity/infinity , MEMLOCK infinity/infinity , RSS infinity/infinity
load average: 2.44 2.75 2.85

CPU: total 8 (initial active 8) (1 cores per cpu, 1 threads per core) family 6 model 44 stepping 0 microcode 0x0, cx8, cmov, fxsr, mmx, sse, sse2, sse3, ssse3, sse4.1, sse4.2, popcnt, tsc, tscinvbit, aes, clmul, clflush

Memory: 4k page, physical 16777216k(86136k free), swap 0k(0k free)

vm_info: OpenJDK 64-Bit Server VM (16.0.2+7-67) for bsd-amd64 JRE (16.0.2+7-67), built on Jun  8 2021 22:20:26 by "mach5one" with clang 4.2.1 Compatible Apple LLVM 11.0.0 (clang-1100.0.33.17)

END.
